<?xml version="1.0" encoding="UTF-8"?>
<testsuite name="test.UtilUnitTest" tests="4" skipped="0" failures="0" errors="0" timestamp="2015-06-14T00:52:59" hostname="Carloss-Mac-Pro.local" time="0.002">
  <properties/>
  <testcase name="testBuildPairConditionsArray" classname="test.UtilUnitTest" time="0.002"/>
  <testcase name="testNvl" classname="test.UtilUnitTest" time="0.0"/>
  <testcase name="testDdoNotMapNullOrBlanks" classname="test.UtilUnitTest" time="0.0"/>
  <testcase name="testDecode" classname="test.UtilUnitTest" time="0.0"/>
  <system-out><![CDATA[]]></system-out>
  <system-err><![CDATA[]]></system-err>
</testsuite>
