<?xml version="1.0" encoding="UTF-8"?>
<testsuite name="test.EvalUnitTest" tests="4" skipped="0" failures="0" errors="0" timestamp="2015-06-12T15:03:42" hostname="Carloss-Mac-Pro.local" time="0.003">
  <properties/>
  <testcase name="testNotEqual" classname="test.EvalUnitTest" time="0.001"/>
  <testcase name="testEqual" classname="test.EvalUnitTest" time="0.0"/>
  <testcase name="testNotContains" classname="test.EvalUnitTest" time="0.001"/>
  <testcase name="testContains" classname="test.EvalUnitTest" time="0.0"/>
  <system-out><![CDATA[]]></system-out>
  <system-err><![CDATA[]]></system-err>
</testsuite>
